<?xml version="1.0" encoding="UTF-8"?>
<!-- Generated by org.testng.reporters.JUnitXMLReporter -->
<testsuite ignored="0" hostname="DESKTOP-P8351SK" failures="3" tests="9" name="Test" time="17.402" errors="0" timestamp="2023-05-22T16:36:45 IST">
  <testcase classname="testNGAssertions.SoftAssertDemo" name="hardAssertion" time="0.005">
    <failure type="java.lang.AssertionError" message="expected [null] but found [assertion]">
      <![CDATA[java.lang.AssertionError: expected [null] but found [assertion]
at testNGAssertions.SoftAssertDemo.hardAssertion(SoftAssertDemo.java:17)
at java.base/java.util.ArrayList.forEach(ArrayList.java:1510)
... Removed 31 stack frames]]>
    </failure>
  </testcase> <!-- hardAssertion -->
  <testcase classname="testNGAssertions.SoftAssertDemo" name="softAssertion" time="0.001">
    <failure type="java.lang.AssertionError" message="expected [null] but found [assertion]">
      <![CDATA[java.lang.AssertionError: expected [null] but found [assertion]
at testNGAssertions.SoftAssertDemo.softAssertion(SoftAssertDemo.java:29)
at java.base/java.util.ArrayList.forEach(ArrayList.java:1510)
... Removed 31 stack frames]]>
    </failure>
  </testcase> <!-- softAssertion -->
  <testcase classname="testNGAssertions.TestDemo" name="BrowserTest" time="11.174"/>
  <testcase classname="testNGAssertions.HardAssertDemo" name="assertEquals" time="0.002">
    <failure type="java.lang.AssertionError" message="expected [This assertion will fail] but found [assertion]">
      <![CDATA[java.lang.AssertionError: expected [This assertion will fail] but found [assertion]
at testNGAssertions.HardAssertDemo.assertEquals(HardAssertDemo.java:13)
at java.base/java.util.ArrayList.forEach(ArrayList.java:1510)
... Removed 33 stack frames]]>
    </failure>
  </testcase> <!-- assertEquals -->
  <testcase classname="testNGAssertions.HardAssertDemo" name="assertFalse" time="0.001"/>
  <testcase classname="testNGAssertions.HardAssertDemo" name="assertNotEquals" time="0.001"/>
  <testcase classname="testNGAssertions.HardAssertDemo" name="assertNotNull" time="0.001"/>
  <testcase classname="testNGAssertions.HardAssertDemo" name="assertNull" time="0.001"/>
  <testcase classname="testNGAssertions.HardAssertDemo" name="assertTrue" time="0.001"/>
</testsuite> <!-- Test -->
